{"/Users/yuchen/Projects/yci/u-share/src/decorators.ts": {"path":"/Users/yuchen/Projects/yci/u-share/src/decorators.ts","statementMap":{"0":{"start":{"line":6,"column":2},"end":{"line":21,"column":3}},"1":{"start":{"line":7,"column":10},"end":{"line":7,"column":15}},"2":{"start":{"line":8,"column":8},"end":{"line":8,"column":15}},"3":{"start":{"line":9,"column":8},"end":{"line":9,"column":11}},"4":{"start":{"line":10,"column":4},"end":{"line":13,"column":5}},"5":{"start":{"line":11,"column":6},"end":{"line":10,"column":36}},"6":{"start":{"line":12,"column":6},"end":{"line":null,"column":-1}},"7":{"start":{"line":16,"column":6},"end":{"line":16,"column":48}},"8":{"start":{"line":17,"column":6},"end":{"line":17,"column":52}},"9":{"start":{"line":18,"column":6},"end":{"line":18,"column":42}},"10":{"start":{"line":1,"column":0},"end":{"line":22,"column":1}},"11":{"start":{"line":25,"column":2},"end":{"line":41,"column":3}},"12":{"start":{"line":26,"column":10},"end":{"line":26,"column":22}},"13":{"start":{"line":27,"column":4},"end":{"line":27,"column":15}},"14":{"start":{"line":30,"column":8},"end":{"line":32,"column":9}},"15":{"start":{"line":31,"column":10},"end":{"line":31,"column":64}},"16":{"start":{"line":33,"column":8},"end":{"line":35,"column":9}},"17":{"start":{"line":34,"column":10},"end":{"line":34,"column":87}},"18":{"start":{"line":36,"column":8},"end":{"line":36,"column":15}},"19":{"start":{"line":37,"column":10},"end":{"line":37,"column":54}},"20":{"start":{"line":24,"column":0},"end":{"line":42,"column":1}}},"fnMap":{"0":{"name":"CordovaPlugin","decl":{"start":{"line":1,"column":0},"end":{"line":1,"column":29}},"loc":{"start":{"line":1,"column":30},"end":{"line":22,"column":1}}},"1":{"name":"(anonymous_1)","decl":{"start":{"line":6,"column":9},"end":{"line":6,"column":57}},"loc":{"start":{"line":6,"column":58},"end":{"line":21,"column":3}}},"2":{"name":"Method","decl":{"start":{"line":24,"column":0},"end":{"line":24,"column":22}},"loc":{"start":{"line":24,"column":23},"end":{"line":42,"column":1}}},"3":{"name":"(anonymous_3)","decl":{"start":{"line":25,"column":9},"end":{"line":25,"column":18}},"loc":{"start":{"line":25,"column":56},"end":{"line":41,"column":3}}},"4":{"name":"(anonymous_4)","decl":{"start":{"line":29,"column":13},"end":{"line":29,"column":22}},"loc":{"start":{"line":29,"column":26},"end":{"line":28,"column":11}}},"5":{"name":"(anonymous_5)","decl":{"start":{"line":36,"column":27},"end":{"line":36,"column":28}},"loc":{"start":{"line":36,"column":37},"end":{"line":36,"column":15}}}},"branchMap":{"0":{"loc":{"start":{"line":10,"column":11},"end":{"line":10,"column":15}},"type":"binary-expr","locations":[{"start":{"line":10,"column":11},"end":{"line":10,"column":15}},{"start":{"line":10,"column":11},"end":{"line":10,"column":15}}]},"1":{"loc":{"start":{"line":26,"column":10},"end":{"line":26,"column":22}},"type":"binary-expr","locations":[{"start":{"line":26,"column":10},"end":{"line":26,"column":22}},{"start":{"line":26,"column":10},"end":{"line":26,"column":22}}]},"2":{"loc":{"start":{"line":30,"column":8},"end":{"line":32,"column":9}},"type":"if","locations":[{"start":{"line":30,"column":8},"end":{"line":32,"column":9}},{"start":{"line":30,"column":8},"end":{"line":32,"column":9}}]},"3":{"loc":{"start":{"line":33,"column":8},"end":{"line":35,"column":9}},"type":"if","locations":[{"start":{"line":33,"column":8},"end":{"line":35,"column":9}},{"start":{"line":33,"column":8},"end":{"line":35,"column":9}}]}},"s":{"0":3,"1":3,"2":3,"3":3,"4":3,"5":3,"6":3,"7":3,"8":3,"9":3,"10":2,"11":3,"12":3,"13":3,"14":3,"15":1,"16":2,"17":1,"18":1,"19":1,"20":2},"f":{"0":3,"1":3,"2":3,"3":3,"4":3,"5":1},"b":{"0":[6,5],"1":[3,2],"2":[1,2],"3":[1,1]}}
,"/Users/yuchen/Projects/yci/u-share/src/index.ts": {"path":"/Users/yuchen/Projects/yci/u-share/src/index.ts","statementMap":{"0":{"start":{"line":1,"column":0},"end":{"line":1,"column":61}},"1":{"start":{"line":2,"column":0},"end":{"line":2,"column":46}},"2":{"start":{"line":3,"column":0},"end":{"line":3,"column":34}},"3":{"start":{"line":5,"column":0},"end":{"line":5,"column":26}},"4":{"start":{"line":12,"column":13},"end":{"line":null,"column":-1}},"5":{"start":{"line":12,"column":13},"end":{"line":12,"column":25}}},"fnMap":{"0":{"name":"(anonymous_2)","decl":{"start":{"line":13,"column":2},"end":{"line":13,"column":8}},"loc":{"start":{"line":13,"column":9},"end":{"line":18,"column":3}}}},"branchMap":{},"s":{"0":1,"1":1,"2":1,"3":1,"4":1,"5":1},"f":{"0":2},"b":{}}
,"/Users/yuchen/Projects/yci/u-share/src/service.ts": {"path":"/Users/yuchen/Projects/yci/u-share/src/service.ts","statementMap":{"0":{"start":{"line":1,"column":0},"end":{"line":1,"column":42}},"1":{"start":{"line":2,"column":0},"end":{"line":2,"column":52}},"2":{"start":{"line":27,"column":8},"end":{"line":27,"column":52}},"3":{"start":{"line":27,"column":2},"end":{"line":27,"column":62}},"4":{"start":{"line":20,"column":13},"end":{"line":null,"column":-1}},"5":{"start":{"line":20,"column":13},"end":{"line":20,"column":19}}},"fnMap":{"0":{"name":"(anonymous_2)","decl":{"start":{"line":27,"column":2},"end":{"line":27,"column":7}},"loc":{"start":{"line":27,"column":8},"end":{"line":27,"column":52}}}},"branchMap":{},"s":{"0":1,"1":1,"2":1,"3":1,"4":1,"5":1},"f":{"0":1},"b":{}}
}
