TN:
SF:/Users/yuchen/Projects/yci/u-share/src/decorators.ts
FN:1,CordovaPlugin
FN:6,(anonymous_1)
FN:14,(anonymous_2)
FN:23,Method
FN:24,(anonymous_4)
FN:28,(anonymous_5)
FN:35,(anonymous_6)
FNF:7
FNH:7
FNDA:3,CordovaPlugin
FNDA:3,(anonymous_1)
FNDA:4,(anonymous_2)
FNDA:3,Method
FNDA:3,(anonymous_4)
FNDA:3,(anonymous_5)
FNDA:1,(anonymous_6)
DA:1,2
DA:6,3
DA:7,3
DA:8,3
DA:9,3
DA:10,3
DA:11,3
DA:12,3
DA:15,4
DA:16,4
DA:17,4
DA:18,4
DA:23,2
DA:24,3
DA:25,3
DA:26,3
DA:29,3
DA:30,1
DA:32,2
DA:33,1
DA:35,1
DA:36,1
LF:22
LH:22
BRDA:10,0,0,6
BRDA:10,0,1,5
BRDA:25,1,0,3
BRDA:25,1,1,2
BRDA:29,2,0,1
BRDA:29,2,1,2
BRDA:32,3,0,1
BRDA:32,3,1,1
BRF:8
BRH:8
end_of_record
TN:
SF:/Users/yuchen/Projects/yci/u-share/src/index.ts
FN:13,(anonymous_2)
FNF:1
FNH:1
FNDA:2,(anonymous_2)
DA:1,1
DA:2,1
DA:3,1
DA:5,1
DA:12,1
LF:5
LH:5
BRF:0
BRH:0
end_of_record
TN:
SF:/Users/yuchen/Projects/yci/u-share/src/service.ts
FN:27,(anonymous_2)
FNF:1
FNH:1
FNDA:1,(anonymous_2)
DA:1,1
DA:2,1
DA:20,1
DA:27,1
LF:4
LH:4
BRF:0
BRH:0
end_of_record
