TN:
SF:/Users/yuchen/Projects/yci/u-share/src/decorators.ts
FN:1,CordovaPlugin
FN:6,(anonymous_1)
FN:24,Method
FN:25,(anonymous_3)
FN:29,(anonymous_4)
FN:36,(anonymous_5)
FNF:6
FNH:6
FNDA:3,CordovaPlugin
FNDA:3,(anonymous_1)
FNDA:3,Method
FNDA:3,(anonymous_3)
FNDA:3,(anonymous_4)
FNDA:1,(anonymous_5)
DA:1,2
DA:6,3
DA:7,3
DA:8,3
DA:9,3
DA:10,3
DA:11,3
DA:12,3
DA:16,3
DA:17,3
DA:18,3
DA:24,2
DA:25,3
DA:26,3
DA:27,3
DA:30,3
DA:31,1
DA:33,2
DA:34,1
DA:36,1
DA:37,1
LF:21
LH:21
BRDA:10,0,0,6
BRDA:10,0,1,5
BRDA:26,1,0,3
BRDA:26,1,1,2
BRDA:30,2,0,1
BRDA:30,2,1,2
BRDA:33,3,0,1
BRDA:33,3,1,1
BRF:8
BRH:8
end_of_record
TN:
SF:/Users/yuchen/Projects/yci/u-share/src/index.ts
FN:13,(anonymous_2)
FNF:1
FNH:1
FNDA:2,(anonymous_2)
DA:1,1
DA:2,1
DA:3,1
DA:5,1
DA:12,1
LF:5
LH:5
BRF:0
BRH:0
end_of_record
TN:
SF:/Users/yuchen/Projects/yci/u-share/src/service.ts
FN:27,(anonymous_2)
FNF:1
FNH:1
FNDA:1,(anonymous_2)
DA:1,1
DA:2,1
DA:20,1
DA:27,1
LF:4
LH:4
BRF:0
BRH:0
end_of_record
